-- Found ament_cmake: 1.3.10 (/opt/ros/humble/share/ament_cmake/cmake)
-- Configuring done
-- Generating done
-- Build files have been written to: /home/claudio/GymEnvs/prisma_walker_ros2/build/monopod
-- Install configuration: ""
-- Installing: /home/claudio/GymEnvs/prisma_walker_ros2/install/monopod/share/monopod/launch
-- Installing: /home/claudio/GymEnvs/prisma_walker_ros2/install/monopod/share/monopod/launch/__pycache__
-- Installing: /home/claudio/GymEnvs/prisma_walker_ros2/install/monopod/share/monopod/launch/__pycache__/launch_anymal_d.launch.cpython-310.pyc
-- Installing: /home/claudio/GymEnvs/prisma_walker_ros2/install/monopod/share/monopod/launch/launch_monopod.launch.py
-- Installing: /home/claudio/GymEnvs/prisma_walker_ros2/install/monopod/share/monopod/meshes
-- Installing: /home/claudio/GymEnvs/prisma_walker_ros2/install/monopod/share/monopod/meshes/obj
-- Installing: /home/claudio/GymEnvs/prisma_walker_ros2/install/monopod/share/monopod/meshes/obj/motore_1.obj
-- Installing: /home/claudio/GymEnvs/prisma_walker_ros2/install/monopod/share/monopod/meshes/obj/conn_top_mot_2.obj
-- Installing: /home/claudio/GymEnvs/prisma_walker_ros2/install/monopod/share/monopod/meshes/obj/agg_dx.obj
-- Installing: /home/claudio/GymEnvs/prisma_walker_ros2/install/monopod/share/monopod/meshes/obj/dynamixel.obj
-- Installing: /home/claudio/GymEnvs/prisma_walker_ros2/install/monopod/share/monopod/meshes/obj/rasp.obj
-- Installing: /home/claudio/GymEnvs/prisma_walker_ros2/install/monopod/share/monopod/meshes/obj/conn_motore_2.obj
-- Installing: /home/claudio/GymEnvs/prisma_walker_ros2/install/monopod/share/monopod/meshes/obj/link_1.obj
-- Installing: /home/claudio/GymEnvs/prisma_walker_ros2/install/monopod/share/monopod/meshes/obj/link_3.obj
-- Installing: /home/claudio/GymEnvs/prisma_walker_ros2/install/monopod/share/monopod/meshes/obj/batteria.obj
-- Installing: /home/claudio/GymEnvs/prisma_walker_ros2/install/monopod/share/monopod/meshes/obj/conn_dyn_top.obj
-- Installing: /home/claudio/GymEnvs/prisma_walker_ros2/install/monopod/share/monopod/meshes/obj/link_2.obj
-- Installing: /home/claudio/GymEnvs/prisma_walker_ros2/install/monopod/share/monopod/meshes/obj/piede_interno.obj
-- Installing: /home/claudio/GymEnvs/prisma_walker_ros2/install/monopod/share/monopod/meshes/obj/albero_1.obj
-- Installing: /home/claudio/GymEnvs/prisma_walker_ros2/install/monopod/share/monopod/meshes/obj/conn_lungo.obj
-- Installing: /home/claudio/GymEnvs/prisma_walker_ros2/install/monopod/share/monopod/meshes/obj/agg_sx.obj
-- Installing: /home/claudio/GymEnvs/prisma_walker_ros2/install/monopod/share/monopod/meshes/obj/conn_mot_retro_1.obj
-- Installing: /home/claudio/GymEnvs/prisma_walker_ros2/install/monopod/share/monopod/meshes/obj/piede_interno_old.obj
-- Installing: /home/claudio/GymEnvs/prisma_walker_ros2/install/monopod/share/monopod/meshes/obj/motore_2.obj
-- Installing: /home/claudio/GymEnvs/prisma_walker_ros2/install/monopod/share/monopod/meshes/obj/gamba_sx.obj
-- Installing: /home/claudio/GymEnvs/prisma_walker_ros2/install/monopod/share/monopod/meshes/obj/albero_2.obj
-- Installing: /home/claudio/GymEnvs/prisma_walker_ros2/install/monopod/share/monopod/meshes/obj/piede_esterno_nuovo.obj
-- Installing: /home/claudio/GymEnvs/prisma_walker_ros2/install/monopod/share/monopod/meshes/obj/supporto.obj
-- Installing: /home/claudio/GymEnvs/prisma_walker_ros2/install/monopod/share/monopod/meshes/obj2
-- Installing: /home/claudio/GymEnvs/prisma_walker_ros2/install/monopod/share/monopod/meshes/obj2/motore_1.obj
-- Installing: /home/claudio/GymEnvs/prisma_walker_ros2/install/monopod/share/monopod/meshes/obj2/gamba_dx.obj
-- Installing: /home/claudio/GymEnvs/prisma_walker_ros2/install/monopod/share/monopod/meshes/obj2/dynamixel.obj
-- Installing: /home/claudio/GymEnvs/prisma_walker_ros2/install/monopod/share/monopod/meshes/obj2/conn_albero_1_bot.obj
-- Installing: /home/claudio/GymEnvs/prisma_walker_ros2/install/monopod/share/monopod/meshes/obj2/link_1.obj
-- Installing: /home/claudio/GymEnvs/prisma_walker_ros2/install/monopod/share/monopod/meshes/obj2/link_3.obj
-- Installing: /home/claudio/GymEnvs/prisma_walker_ros2/install/monopod/share/monopod/meshes/obj2/conn_retro_mot_1.obj
-- Installing: /home/claudio/GymEnvs/prisma_walker_ros2/install/monopod/share/monopod/meshes/obj2/batteria.obj
-- Installing: /home/claudio/GymEnvs/prisma_walker_ros2/install/monopod/share/monopod/meshes/obj2/piede_dx.obj
-- Installing: /home/claudio/GymEnvs/prisma_walker_ros2/install/monopod/share/monopod/meshes/obj2/aggancio_sx.obj
-- Installing: /home/claudio/GymEnvs/prisma_walker_ros2/install/monopod/share/monopod/meshes/obj2/conn_retro_m2.obj
-- Installing: /home/claudio/GymEnvs/prisma_walker_ros2/install/monopod/share/monopod/meshes/obj2/albero_3.obj
-- Installing: /home/claudio/GymEnvs/prisma_walker_ros2/install/monopod/share/monopod/meshes/obj2/conn_dyn_top.obj
-- Installing: /home/claudio/GymEnvs/prisma_walker_ros2/install/monopod/share/monopod/meshes/obj2/link_2.obj
-- Installing: /home/claudio/GymEnvs/prisma_walker_ros2/install/monopod/share/monopod/meshes/obj2/aggancio_dx.obj
-- Installing: /home/claudio/GymEnvs/prisma_walker_ros2/install/monopod/share/monopod/meshes/obj2/anca.obj
-- Installing: /home/claudio/GymEnvs/prisma_walker_ros2/install/monopod/share/monopod/meshes/obj2/raspbarry.obj
-- Installing: /home/claudio/GymEnvs/prisma_walker_ros2/install/monopod/share/monopod/meshes/obj2/piede_interno.obj
-- Installing: /home/claudio/GymEnvs/prisma_walker_ros2/install/monopod/share/monopod/meshes/obj2/albero_1.obj
-- Installing: /home/claudio/GymEnvs/prisma_walker_ros2/install/monopod/share/monopod/meshes/obj2/base_link.obj
-- Installing: /home/claudio/GymEnvs/prisma_walker_ros2/install/monopod/share/monopod/meshes/obj2/conn_lungo.obj
-- Installing: /home/claudio/GymEnvs/prisma_walker_ros2/install/monopod/share/monopod/meshes/obj2/conn_anca_top.obj
-- Installing: /home/claudio/GymEnvs/prisma_walker_ros2/install/monopod/share/monopod/meshes/obj2/piede_sx.obj
-- Installing: /home/claudio/GymEnvs/prisma_walker_ros2/install/monopod/share/monopod/meshes/obj2/motore_2.obj
-- Installing: /home/claudio/GymEnvs/prisma_walker_ros2/install/monopod/share/monopod/meshes/obj2/flangia_albero_3.obj
-- Installing: /home/claudio/GymEnvs/prisma_walker_ros2/install/monopod/share/monopod/meshes/obj2/gamba_sx.obj
-- Installing: /home/claudio/GymEnvs/prisma_walker_ros2/install/monopod/share/monopod/meshes/obj2/albero_2.obj
-- Installing: /home/claudio/GymEnvs/prisma_walker_ros2/install/monopod/share/monopod/meshes/obj2/conn_link_1.obj
-- Installing: /home/claudio/GymEnvs/prisma_walker_ros2/install/monopod/share/monopod/urdf
-- Installing: /home/claudio/GymEnvs/prisma_walker_ros2/install/monopod/share/monopod/urdf/prisma_walker.urdf.xacro
-- Installing: /home/claudio/GymEnvs/prisma_walker_ros2/install/monopod/share/ament_index/resource_index/package_run_dependencies/monopod
-- Installing: /home/claudio/GymEnvs/prisma_walker_ros2/install/monopod/share/ament_index/resource_index/parent_prefix_path/monopod
-- Installing: /home/claudio/GymEnvs/prisma_walker_ros2/install/monopod/share/monopod/environment/ament_prefix_path.sh
-- Installing: /home/claudio/GymEnvs/prisma_walker_ros2/install/monopod/share/monopod/environment/ament_prefix_path.dsv
-- Installing: /home/claudio/GymEnvs/prisma_walker_ros2/install/monopod/share/monopod/environment/path.sh
-- Installing: /home/claudio/GymEnvs/prisma_walker_ros2/install/monopod/share/monopod/environment/path.dsv
-- Installing: /home/claudio/GymEnvs/prisma_walker_ros2/install/monopod/share/monopod/local_setup.bash
-- Installing: /home/claudio/GymEnvs/prisma_walker_ros2/install/monopod/share/monopod/local_setup.sh
-- Installing: /home/claudio/GymEnvs/prisma_walker_ros2/install/monopod/share/monopod/local_setup.zsh
-- Installing: /home/claudio/GymEnvs/prisma_walker_ros2/install/monopod/share/monopod/local_setup.dsv
-- Installing: /home/claudio/GymEnvs/prisma_walker_ros2/install/monopod/share/monopod/package.dsv
-- Installing: /home/claudio/GymEnvs/prisma_walker_ros2/install/monopod/share/ament_index/resource_index/packages/monopod
-- Installing: /home/claudio/GymEnvs/prisma_walker_ros2/install/monopod/share/monopod/cmake/monopodConfig.cmake
-- Installing: /home/claudio/GymEnvs/prisma_walker_ros2/install/monopod/share/monopod/cmake/monopodConfig-version.cmake
-- Installing: /home/claudio/GymEnvs/prisma_walker_ros2/install/monopod/share/monopod/package.xml
