[0.070s] DEBUG:colcon:Command line arguments: ['/usr/bin/colcon', 'build']
[0.070s] DEBUG:colcon:Parsed command line arguments: Namespace(log_base=None, log_level=None, verb_name='build', build_base='build', install_base='install', merge_install=False, symlink_install=False, test_result_base=None, continue_on_error=False, executor='parallel', parallel_workers=16, event_handlers=None, ignore_user_meta=False, metas=['./colcon.meta'], base_paths=['.'], packages_ignore=None, packages_ignore_regex=None, paths=None, packages_up_to=None, packages_up_to_regex=None, packages_above=None, packages_above_and_dependencies=None, packages_above_depth=None, packages_select_by_dep=None, packages_skip_by_dep=None, packages_skip_up_to=None, packages_select_build_failed=False, packages_skip_build_finished=False, packages_select_test_failures=False, packages_skip_test_passed=False, packages_select=None, packages_skip=None, packages_select_regex=None, packages_skip_regex=None, packages_start=None, packages_end=None, allow_overriding=[], cmake_args=None, cmake_target=None, cmake_target_skip_unavailable=False, cmake_clean_cache=False, cmake_clean_first=False, cmake_force_configure=False, ament_cmake_args=None, catkin_cmake_args=None, catkin_skip_building_tests=False, mixin_files=None, mixin=None, verb_parser=<colcon_mixin.mixin.mixin_argument.MixinArgumentDecorator object at 0x79a0bc368df0>, verb_extension=<colcon_core.verb.build.BuildVerb object at 0x79a0bc4de7d0>, main=<bound method BuildVerb.main of <colcon_core.verb.build.BuildVerb object at 0x79a0bc4de7d0>>, mixin_verb=('build',))
[0.235s] Level 1:colcon.colcon_core.package_discovery:discover_packages(colcon_meta) check parameters
[0.235s] Level 1:colcon.colcon_core.package_discovery:discover_packages(recursive) check parameters
[0.235s] Level 1:colcon.colcon_core.package_discovery:discover_packages(ignore) check parameters
[0.235s] Level 1:colcon.colcon_core.package_discovery:discover_packages(path) check parameters
[0.235s] Level 1:colcon.colcon_core.package_discovery:discover_packages(colcon_meta) discover
[0.235s] Level 1:colcon.colcon_core.package_discovery:discover_packages(recursive) discover
[0.235s] INFO:colcon.colcon_core.package_discovery:Crawling recursively for packages in '/home/claudio/GymEnvs/prisma_walker_ros2'
[0.235s] Level 1:colcon.colcon_core.package_identification:_identify(.) by extensions ['ignore', 'ignore_ament_install']
[0.236s] Level 1:colcon.colcon_core.package_identification:_identify(.) by extension 'ignore'
[0.236s] Level 1:colcon.colcon_core.package_identification:_identify(.) by extension 'ignore_ament_install'
[0.236s] Level 1:colcon.colcon_core.package_identification:_identify(.) by extensions ['colcon_pkg']
[0.236s] Level 1:colcon.colcon_core.package_identification:_identify(.) by extension 'colcon_pkg'
[0.236s] Level 1:colcon.colcon_core.package_identification:_identify(.) by extensions ['colcon_meta']
[0.236s] Level 1:colcon.colcon_core.package_identification:_identify(.) by extension 'colcon_meta'
[0.236s] Level 1:colcon.colcon_core.package_identification:_identify(.) by extensions ['ros']
[0.236s] Level 1:colcon.colcon_core.package_identification:_identify(.) by extension 'ros'
[0.247s] Level 1:colcon.colcon_core.package_identification:_identify(.) by extensions ['cmake', 'python']
[0.247s] Level 1:colcon.colcon_core.package_identification:_identify(.) by extension 'cmake'
[0.247s] Level 1:colcon.colcon_core.package_identification:_identify(.) by extension 'python'
[0.247s] Level 1:colcon.colcon_core.package_identification:_identify(.) by extensions ['python_setup_py']
[0.247s] Level 1:colcon.colcon_core.package_identification:_identify(.) by extension 'python_setup_py'
[0.247s] Level 1:colcon.colcon_core.package_identification:_identify(build) by extensions ['ignore', 'ignore_ament_install']
[0.248s] Level 1:colcon.colcon_core.package_identification:_identify(build) by extension 'ignore'
[0.248s] Level 1:colcon.colcon_core.package_identification:_identify(build) ignored
[0.248s] Level 1:colcon.colcon_core.package_identification:_identify(install) by extensions ['ignore', 'ignore_ament_install']
[0.248s] Level 1:colcon.colcon_core.package_identification:_identify(install) by extension 'ignore'
[0.248s] Level 1:colcon.colcon_core.package_identification:_identify(install) ignored
[0.248s] Level 1:colcon.colcon_core.package_identification:_identify(log) by extensions ['ignore', 'ignore_ament_install']
[0.248s] Level 1:colcon.colcon_core.package_identification:_identify(log) by extension 'ignore'
[0.248s] Level 1:colcon.colcon_core.package_identification:_identify(log) ignored
[0.248s] Level 1:colcon.colcon_core.package_identification:_identify(src) by extensions ['ignore', 'ignore_ament_install']
[0.248s] Level 1:colcon.colcon_core.package_identification:_identify(src) by extension 'ignore'
[0.248s] Level 1:colcon.colcon_core.package_identification:_identify(src) by extension 'ignore_ament_install'
[0.248s] Level 1:colcon.colcon_core.package_identification:_identify(src) by extensions ['colcon_pkg']
[0.248s] Level 1:colcon.colcon_core.package_identification:_identify(src) by extension 'colcon_pkg'
[0.248s] Level 1:colcon.colcon_core.package_identification:_identify(src) by extensions ['colcon_meta']
[0.248s] Level 1:colcon.colcon_core.package_identification:_identify(src) by extension 'colcon_meta'
[0.248s] Level 1:colcon.colcon_core.package_identification:_identify(src) by extensions ['ros']
[0.248s] Level 1:colcon.colcon_core.package_identification:_identify(src) by extension 'ros'
[0.248s] Level 1:colcon.colcon_core.package_identification:_identify(src) by extensions ['cmake', 'python']
[0.248s] Level 1:colcon.colcon_core.package_identification:_identify(src) by extension 'cmake'
[0.248s] Level 1:colcon.colcon_core.package_identification:_identify(src) by extension 'python'
[0.248s] Level 1:colcon.colcon_core.package_identification:_identify(src) by extensions ['python_setup_py']
[0.248s] Level 1:colcon.colcon_core.package_identification:_identify(src) by extension 'python_setup_py'
[0.248s] Level 1:colcon.colcon_core.package_identification:_identify(src/monopod) by extensions ['ignore', 'ignore_ament_install']
[0.248s] Level 1:colcon.colcon_core.package_identification:_identify(src/monopod) by extension 'ignore'
[0.248s] Level 1:colcon.colcon_core.package_identification:_identify(src/monopod) by extension 'ignore_ament_install'
[0.248s] Level 1:colcon.colcon_core.package_identification:_identify(src/monopod) by extensions ['colcon_pkg']
[0.248s] Level 1:colcon.colcon_core.package_identification:_identify(src/monopod) by extension 'colcon_pkg'
[0.248s] Level 1:colcon.colcon_core.package_identification:_identify(src/monopod) by extensions ['colcon_meta']
[0.248s] Level 1:colcon.colcon_core.package_identification:_identify(src/monopod) by extension 'colcon_meta'
[0.248s] Level 1:colcon.colcon_core.package_identification:_identify(src/monopod) by extensions ['ros']
[0.248s] Level 1:colcon.colcon_core.package_identification:_identify(src/monopod) by extension 'ros'
[0.250s] DEBUG:colcon.colcon_core.package_identification:Package 'src/monopod' with type 'ros.ament_cmake' and name 'monopod'
[0.250s] Level 1:colcon.colcon_core.package_discovery:discover_packages(recursive) using defaults
[0.250s] Level 1:colcon.colcon_core.package_discovery:discover_packages(ignore) discover
[0.250s] Level 1:colcon.colcon_core.package_discovery:discover_packages(ignore) using defaults
[0.250s] Level 1:colcon.colcon_core.package_discovery:discover_packages(path) discover
[0.250s] Level 1:colcon.colcon_core.package_discovery:discover_packages(path) using defaults
[0.263s] Level 1:colcon.colcon_core.package_discovery:discover_packages(prefix_path) check parameters
[0.263s] Level 1:colcon.colcon_core.package_discovery:discover_packages(prefix_path) discover
[0.264s] DEBUG:colcon.colcon_installed_package_information.package_discovery:Found 1 installed packages in /home/claudio/GymEnvs/prisma_walker_ros2/install
[0.265s] DEBUG:colcon.colcon_installed_package_information.package_discovery:Found 353 installed packages in /opt/ros/humble
[0.266s] Level 1:colcon.colcon_core.package_discovery:discover_packages(prefix_path) using defaults
[0.291s] Level 5:colcon.colcon_core.verb:set package 'monopod' build argument 'cmake_args' from command line to 'None'
[0.291s] Level 5:colcon.colcon_core.verb:set package 'monopod' build argument 'cmake_target' from command line to 'None'
[0.291s] Level 5:colcon.colcon_core.verb:set package 'monopod' build argument 'cmake_target_skip_unavailable' from command line to 'False'
[0.291s] Level 5:colcon.colcon_core.verb:set package 'monopod' build argument 'cmake_clean_cache' from command line to 'False'
[0.291s] Level 5:colcon.colcon_core.verb:set package 'monopod' build argument 'cmake_clean_first' from command line to 'False'
[0.291s] Level 5:colcon.colcon_core.verb:set package 'monopod' build argument 'cmake_force_configure' from command line to 'False'
[0.291s] Level 5:colcon.colcon_core.verb:set package 'monopod' build argument 'ament_cmake_args' from command line to 'None'
[0.291s] Level 5:colcon.colcon_core.verb:set package 'monopod' build argument 'catkin_cmake_args' from command line to 'None'
[0.291s] Level 5:colcon.colcon_core.verb:set package 'monopod' build argument 'catkin_skip_building_tests' from command line to 'False'
[0.291s] DEBUG:colcon.colcon_core.verb:Building package 'monopod' with the following arguments: {'ament_cmake_args': None, 'build_base': '/home/claudio/GymEnvs/prisma_walker_ros2/build/monopod', 'catkin_cmake_args': None, 'catkin_skip_building_tests': False, 'cmake_args': None, 'cmake_clean_cache': False, 'cmake_clean_first': False, 'cmake_force_configure': False, 'cmake_target': None, 'cmake_target_skip_unavailable': False, 'install_base': '/home/claudio/GymEnvs/prisma_walker_ros2/install/monopod', 'merge_install': False, 'path': '/home/claudio/GymEnvs/prisma_walker_ros2/src/monopod', 'symlink_install': False, 'test_result_base': None}
[0.291s] INFO:colcon.colcon_core.executor:Executing jobs using 'parallel' executor
[0.292s] DEBUG:colcon.colcon_parallel_executor.executor.parallel:run_until_complete
[0.292s] INFO:colcon.colcon_ros.task.ament_cmake.build:Building ROS package in '/home/claudio/GymEnvs/prisma_walker_ros2/src/monopod' with build type 'ament_cmake'
[0.292s] INFO:colcon.colcon_cmake.task.cmake.build:Building CMake package in '/home/claudio/GymEnvs/prisma_walker_ros2/src/monopod'
[0.293s] INFO:colcon.colcon_core.plugin_system:Skipping extension 'colcon_core.shell.bat': Not used on non-Windows systems
[0.293s] INFO:colcon.colcon_core.shell:Skip shell extension 'powershell' for command environment: Not usable outside of PowerShell
[0.293s] DEBUG:colcon.colcon_core.shell:Skip shell extension 'dsv' for command environment
[0.300s] DEBUG:colcon.colcon_core.event_handler.log_command:Invoking command in '/home/claudio/GymEnvs/prisma_walker_ros2/build/monopod': CMAKE_PREFIX_PATH=${CMAKE_PREFIX_PATH}:/opt/ros/humble CONDA_PROMPT_MODIFIER=(isaaclab) /usr/bin/cmake --build /home/claudio/GymEnvs/prisma_walker_ros2/build/monopod -- -j16 -l16
[0.326s] DEBUG:colcon.colcon_core.event_handler.log_command:Invoked command in '/home/claudio/GymEnvs/prisma_walker_ros2/build/monopod' returned '0': CMAKE_PREFIX_PATH=${CMAKE_PREFIX_PATH}:/opt/ros/humble CONDA_PROMPT_MODIFIER=(isaaclab) /usr/bin/cmake --build /home/claudio/GymEnvs/prisma_walker_ros2/build/monopod -- -j16 -l16
[0.373s] DEBUG:colcon.colcon_core.event_handler.log_command:Invoking command in '/home/claudio/GymEnvs/prisma_walker_ros2/build/monopod': CMAKE_PREFIX_PATH=${CMAKE_PREFIX_PATH}:/opt/ros/humble CONDA_PROMPT_MODIFIER=(isaaclab) /usr/bin/cmake --install /home/claudio/GymEnvs/prisma_walker_ros2/build/monopod
[0.387s] Level 1:colcon.colcon_core.environment:create_environment_scripts_only(monopod)
[0.387s] DEBUG:colcon.colcon_core.event_handler.log_command:Invoked command in '/home/claudio/GymEnvs/prisma_walker_ros2/build/monopod' returned '0': CMAKE_PREFIX_PATH=${CMAKE_PREFIX_PATH}:/opt/ros/humble CONDA_PROMPT_MODIFIER=(isaaclab) /usr/bin/cmake --install /home/claudio/GymEnvs/prisma_walker_ros2/build/monopod
[0.388s] Level 1:colcon.colcon_core.environment:checking '/home/claudio/GymEnvs/prisma_walker_ros2/install/monopod' for CMake module files
[0.389s] Level 1:colcon.colcon_core.environment:checking '/home/claudio/GymEnvs/prisma_walker_ros2/install/monopod' for CMake config files
[0.389s] Level 1:colcon.colcon_core.shell:create_environment_hook('monopod', 'cmake_prefix_path')
[0.389s] INFO:colcon.colcon_core.shell:Creating environment hook '/home/claudio/GymEnvs/prisma_walker_ros2/install/monopod/share/monopod/hook/cmake_prefix_path.ps1'
[0.389s] INFO:colcon.colcon_core.shell:Creating environment descriptor '/home/claudio/GymEnvs/prisma_walker_ros2/install/monopod/share/monopod/hook/cmake_prefix_path.dsv'
[0.389s] INFO:colcon.colcon_core.shell:Creating environment hook '/home/claudio/GymEnvs/prisma_walker_ros2/install/monopod/share/monopod/hook/cmake_prefix_path.sh'
[0.390s] Level 1:colcon.colcon_core.environment:checking '/home/claudio/GymEnvs/prisma_walker_ros2/install/monopod/bin'
[0.390s] Level 1:colcon.colcon_core.environment:checking '/home/claudio/GymEnvs/prisma_walker_ros2/install/monopod/lib/pkgconfig/monopod.pc'
[0.390s] Level 1:colcon.colcon_core.environment:checking '/home/claudio/GymEnvs/prisma_walker_ros2/install/monopod/lib/python3.10/site-packages'
[0.390s] Level 1:colcon.colcon_core.environment:checking '/home/claudio/GymEnvs/prisma_walker_ros2/install/monopod/bin'
[0.390s] INFO:colcon.colcon_core.shell:Creating package script '/home/claudio/GymEnvs/prisma_walker_ros2/install/monopod/share/monopod/package.ps1'
[0.391s] INFO:colcon.colcon_core.shell:Creating package descriptor '/home/claudio/GymEnvs/prisma_walker_ros2/install/monopod/share/monopod/package.dsv'
[0.391s] INFO:colcon.colcon_core.shell:Creating package script '/home/claudio/GymEnvs/prisma_walker_ros2/install/monopod/share/monopod/package.sh'
[0.392s] INFO:colcon.colcon_core.shell:Creating package script '/home/claudio/GymEnvs/prisma_walker_ros2/install/monopod/share/monopod/package.bash'
[0.392s] INFO:colcon.colcon_core.shell:Creating package script '/home/claudio/GymEnvs/prisma_walker_ros2/install/monopod/share/monopod/package.zsh'
[0.393s] Level 1:colcon.colcon_core.environment:create_file_with_runtime_dependencies(/home/claudio/GymEnvs/prisma_walker_ros2/install/monopod/share/colcon-core/packages/monopod)
[0.412s] Level 1:colcon.colcon_core.environment:create_environment_scripts_only(monopod)
[0.412s] Level 1:colcon.colcon_core.environment:checking '/home/claudio/GymEnvs/prisma_walker_ros2/install/monopod' for CMake module files
[0.413s] Level 1:colcon.colcon_core.environment:checking '/home/claudio/GymEnvs/prisma_walker_ros2/install/monopod' for CMake config files
[0.413s] Level 1:colcon.colcon_core.shell:create_environment_hook('monopod', 'cmake_prefix_path')
[0.413s] INFO:colcon.colcon_core.shell:Creating environment hook '/home/claudio/GymEnvs/prisma_walker_ros2/install/monopod/share/monopod/hook/cmake_prefix_path.ps1'
[0.413s] INFO:colcon.colcon_core.shell:Creating environment descriptor '/home/claudio/GymEnvs/prisma_walker_ros2/install/monopod/share/monopod/hook/cmake_prefix_path.dsv'
[0.413s] INFO:colcon.colcon_core.shell:Creating environment hook '/home/claudio/GymEnvs/prisma_walker_ros2/install/monopod/share/monopod/hook/cmake_prefix_path.sh'
[0.414s] Level 1:colcon.colcon_core.environment:checking '/home/claudio/GymEnvs/prisma_walker_ros2/install/monopod/bin'
[0.414s] Level 1:colcon.colcon_core.environment:checking '/home/claudio/GymEnvs/prisma_walker_ros2/install/monopod/lib/pkgconfig/monopod.pc'
[0.414s] Level 1:colcon.colcon_core.environment:checking '/home/claudio/GymEnvs/prisma_walker_ros2/install/monopod/lib/python3.10/site-packages'
[0.414s] Level 1:colcon.colcon_core.environment:checking '/home/claudio/GymEnvs/prisma_walker_ros2/install/monopod/bin'
[0.414s] INFO:colcon.colcon_core.shell:Creating package script '/home/claudio/GymEnvs/prisma_walker_ros2/install/monopod/share/monopod/package.ps1'
[0.414s] INFO:colcon.colcon_core.shell:Creating package descriptor '/home/claudio/GymEnvs/prisma_walker_ros2/install/monopod/share/monopod/package.dsv'
[0.415s] INFO:colcon.colcon_core.shell:Creating package script '/home/claudio/GymEnvs/prisma_walker_ros2/install/monopod/share/monopod/package.sh'
[0.415s] INFO:colcon.colcon_core.shell:Creating package script '/home/claudio/GymEnvs/prisma_walker_ros2/install/monopod/share/monopod/package.bash'
[0.415s] INFO:colcon.colcon_core.shell:Creating package script '/home/claudio/GymEnvs/prisma_walker_ros2/install/monopod/share/monopod/package.zsh'
[0.416s] Level 1:colcon.colcon_core.environment:create_file_with_runtime_dependencies(/home/claudio/GymEnvs/prisma_walker_ros2/install/monopod/share/colcon-core/packages/monopod)
[0.416s] DEBUG:colcon.colcon_parallel_executor.executor.parallel:closing loop
[0.416s] DEBUG:colcon.colcon_parallel_executor.executor.parallel:loop closed
[0.416s] DEBUG:colcon.colcon_parallel_executor.executor.parallel:run_until_complete finished with '0'
[0.416s] DEBUG:colcon.colcon_core.event_reactor:joining thread
[0.420s] INFO:colcon.colcon_core.plugin_system:Skipping extension 'colcon_notification.desktop_notification.terminal_notifier': Not used on non-Darwin systems
[0.420s] INFO:colcon.colcon_core.plugin_system:Skipping extension 'colcon_notification.desktop_notification.win32': Not used on non-Windows systems
[0.420s] INFO:colcon.colcon_notification.desktop_notification:Sending desktop notification using 'notify2'
[0.428s] DEBUG:colcon.colcon_core.event_reactor:joined thread
[0.428s] INFO:colcon.colcon_core.shell:Creating prefix script '/home/claudio/GymEnvs/prisma_walker_ros2/install/local_setup.ps1'
[0.428s] INFO:colcon.colcon_core.shell:Creating prefix util module '/home/claudio/GymEnvs/prisma_walker_ros2/install/_local_setup_util_ps1.py'
[0.429s] INFO:colcon.colcon_core.shell:Creating prefix chain script '/home/claudio/GymEnvs/prisma_walker_ros2/install/setup.ps1'
[0.430s] INFO:colcon.colcon_core.shell:Creating prefix script '/home/claudio/GymEnvs/prisma_walker_ros2/install/local_setup.sh'
[0.430s] INFO:colcon.colcon_core.shell:Creating prefix util module '/home/claudio/GymEnvs/prisma_walker_ros2/install/_local_setup_util_sh.py'
[0.431s] INFO:colcon.colcon_core.shell:Creating prefix chain script '/home/claudio/GymEnvs/prisma_walker_ros2/install/setup.sh'
[0.431s] INFO:colcon.colcon_core.shell:Creating prefix script '/home/claudio/GymEnvs/prisma_walker_ros2/install/local_setup.bash'
[0.431s] INFO:colcon.colcon_core.shell:Creating prefix chain script '/home/claudio/GymEnvs/prisma_walker_ros2/install/setup.bash'
[0.432s] INFO:colcon.colcon_core.shell:Creating prefix script '/home/claudio/GymEnvs/prisma_walker_ros2/install/local_setup.zsh'
[0.432s] INFO:colcon.colcon_core.shell:Creating prefix chain script '/home/claudio/GymEnvs/prisma_walker_ros2/install/setup.zsh'
