[0.007s] Invoking command in '/home/claudio/GymEnvs/prisma_walker_ros2/build/monopod': CMAKE_PREFIX_PATH=${CMAKE_PREFIX_PATH}:/opt/ros/humble CONDA_PROMPT_MODIFIER=(isaaclab) /usr/bin/cmake --build /home/claudio/GymEnvs/prisma_walker_ros2/build/monopod -- -j16 -l16
[0.034s] Invoked command in '/home/claudio/GymEnvs/prisma_walker_ros2/build/monopod' returned '0': CMAKE_PREFIX_PATH=${CMAKE_PREFIX_PATH}:/opt/ros/humble CONDA_PROMPT_MODIFIER=(isaaclab) /usr/bin/cmake --build /home/claudio/GymEnvs/prisma_walker_ros2/build/monopod -- -j16 -l16
[0.059s] Invoking command in '/home/claudio/GymEnvs/prisma_walker_ros2/build/monopod': CMAKE_PREFIX_PATH=${CMAKE_PREFIX_PATH}:/opt/ros/humble CONDA_PROMPT_MODIFIER=(isaaclab) /usr/bin/cmake --install /home/claudio/GymEnvs/prisma_walker_ros2/build/monopod
[0.064s] -- Install configuration: ""
[0.064s] -- Up-to-date: /home/claudio/GymEnvs/prisma_walker_ros2/install/monopod/share/monopod/launch
[0.064s] -- Up-to-date: /home/claudio/GymEnvs/prisma_walker_ros2/install/monopod/share/monopod/launch/__pycache__
[0.064s] -- Up-to-date: /home/claudio/GymEnvs/prisma_walker_ros2/install/monopod/share/monopod/launch/__pycache__/launch_anymal_d.launch.cpython-310.pyc
[0.064s] -- Up-to-date: /home/claudio/GymEnvs/prisma_walker_ros2/install/monopod/share/monopod/launch/launch_monopod.launch.py
[0.064s] -- Up-to-date: /home/claudio/GymEnvs/prisma_walker_ros2/install/monopod/share/monopod/meshes
[0.064s] -- Up-to-date: /home/claudio/GymEnvs/prisma_walker_ros2/install/monopod/share/monopod/meshes/obj
[0.064s] -- Up-to-date: /home/claudio/GymEnvs/prisma_walker_ros2/install/monopod/share/monopod/meshes/obj/motore_1.obj
[0.064s] -- Up-to-date: /home/claudio/GymEnvs/prisma_walker_ros2/install/monopod/share/monopod/meshes/obj/conn_top_mot_2.obj
[0.064s] -- Up-to-date: /home/claudio/GymEnvs/prisma_walker_ros2/install/monopod/share/monopod/meshes/obj/agg_dx.obj
[0.064s] -- Up-to-date: /home/claudio/GymEnvs/prisma_walker_ros2/install/monopod/share/monopod/meshes/obj/dynamixel.obj
[0.064s] -- Up-to-date: /home/claudio/GymEnvs/prisma_walker_ros2/install/monopod/share/monopod/meshes/obj/rasp.obj
[0.064s] -- Up-to-date: /home/claudio/GymEnvs/prisma_walker_ros2/install/monopod/share/monopod/meshes/obj/conn_motore_2.obj
[0.064s] -- Up-to-date: /home/claudio/GymEnvs/prisma_walker_ros2/install/monopod/share/monopod/meshes/obj/link_1.obj
[0.064s] -- Up-to-date: /home/claudio/GymEnvs/prisma_walker_ros2/install/monopod/share/monopod/meshes/obj/link_3.obj
[0.064s] -- Up-to-date: /home/claudio/GymEnvs/prisma_walker_ros2/install/monopod/share/monopod/meshes/obj/batteria.obj
[0.064s] -- Up-to-date: /home/claudio/GymEnvs/prisma_walker_ros2/install/monopod/share/monopod/meshes/obj/conn_dyn_top.obj
[0.064s] -- Up-to-date: /home/claudio/GymEnvs/prisma_walker_ros2/install/monopod/share/monopod/meshes/obj/link_2.obj
[0.064s] -- Up-to-date: /home/claudio/GymEnvs/prisma_walker_ros2/install/monopod/share/monopod/meshes/obj/piede_interno.obj
[0.064s] -- Up-to-date: /home/claudio/GymEnvs/prisma_walker_ros2/install/monopod/share/monopod/meshes/obj/albero_1.obj
[0.064s] -- Up-to-date: /home/claudio/GymEnvs/prisma_walker_ros2/install/monopod/share/monopod/meshes/obj/conn_lungo.obj
[0.064s] -- Up-to-date: /home/claudio/GymEnvs/prisma_walker_ros2/install/monopod/share/monopod/meshes/obj/agg_sx.obj
[0.064s] -- Up-to-date: /home/claudio/GymEnvs/prisma_walker_ros2/install/monopod/share/monopod/meshes/obj/conn_mot_retro_1.obj
[0.064s] -- Up-to-date: /home/claudio/GymEnvs/prisma_walker_ros2/install/monopod/share/monopod/meshes/obj/piede_interno_old.obj
[0.065s] -- Up-to-date: /home/claudio/GymEnvs/prisma_walker_ros2/install/monopod/share/monopod/meshes/obj/motore_2.obj
[0.065s] -- Up-to-date: /home/claudio/GymEnvs/prisma_walker_ros2/install/monopod/share/monopod/meshes/obj/gamba_sx.obj
[0.065s] -- Up-to-date: /home/claudio/GymEnvs/prisma_walker_ros2/install/monopod/share/monopod/meshes/obj/albero_2.obj
[0.065s] -- Up-to-date: /home/claudio/GymEnvs/prisma_walker_ros2/install/monopod/share/monopod/meshes/obj/piede_esterno_nuovo.obj
[0.065s] -- Up-to-date: /home/claudio/GymEnvs/prisma_walker_ros2/install/monopod/share/monopod/meshes/obj/supporto.obj
[0.065s] -- Up-to-date: /home/claudio/GymEnvs/prisma_walker_ros2/install/monopod/share/monopod/meshes/obj2
[0.065s] -- Up-to-date: /home/claudio/GymEnvs/prisma_walker_ros2/install/monopod/share/monopod/meshes/obj2/motore_1.obj
[0.065s] -- Up-to-date: /home/claudio/GymEnvs/prisma_walker_ros2/install/monopod/share/monopod/meshes/obj2/gamba_dx.obj
[0.065s] -- Up-to-date: /home/claudio/GymEnvs/prisma_walker_ros2/install/monopod/share/monopod/meshes/obj2/dynamixel.obj
[0.065s] -- Up-to-date: /home/claudio/GymEnvs/prisma_walker_ros2/install/monopod/share/monopod/meshes/obj2/conn_albero_1_bot.obj
[0.065s] -- Up-to-date: /home/claudio/GymEnvs/prisma_walker_ros2/install/monopod/share/monopod/meshes/obj2/link_1.obj
[0.065s] -- Up-to-date: /home/claudio/GymEnvs/prisma_walker_ros2/install/monopod/share/monopod/meshes/obj2/link_3.obj
[0.065s] -- Up-to-date: /home/claudio/GymEnvs/prisma_walker_ros2/install/monopod/share/monopod/meshes/obj2/conn_retro_mot_1.obj
[0.065s] -- Up-to-date: /home/claudio/GymEnvs/prisma_walker_ros2/install/monopod/share/monopod/meshes/obj2/batteria.obj
[0.065s] -- Up-to-date: /home/claudio/GymEnvs/prisma_walker_ros2/install/monopod/share/monopod/meshes/obj2/piede_dx.obj
[0.065s] -- Up-to-date: /home/claudio/GymEnvs/prisma_walker_ros2/install/monopod/share/monopod/meshes/obj2/aggancio_sx.obj
[0.065s] -- Up-to-date: /home/claudio/GymEnvs/prisma_walker_ros2/install/monopod/share/monopod/meshes/obj2/conn_retro_m2.obj
[0.065s] -- Up-to-date: /home/claudio/GymEnvs/prisma_walker_ros2/install/monopod/share/monopod/meshes/obj2/albero_3.obj
[0.065s] -- Up-to-date: /home/claudio/GymEnvs/prisma_walker_ros2/install/monopod/share/monopod/meshes/obj2/conn_dyn_top.obj
[0.065s] -- Up-to-date: /home/claudio/GymEnvs/prisma_walker_ros2/install/monopod/share/monopod/meshes/obj2/link_2.obj
[0.065s] -- Up-to-date: /home/claudio/GymEnvs/prisma_walker_ros2/install/monopod/share/monopod/meshes/obj2/aggancio_dx.obj
[0.065s] -- Up-to-date: /home/claudio/GymEnvs/prisma_walker_ros2/install/monopod/share/monopod/meshes/obj2/anca.obj
[0.065s] -- Up-to-date: /home/claudio/GymEnvs/prisma_walker_ros2/install/monopod/share/monopod/meshes/obj2/raspbarry.obj
[0.065s] -- Up-to-date: /home/claudio/GymEnvs/prisma_walker_ros2/install/monopod/share/monopod/meshes/obj2/piede_interno.obj
[0.065s] -- Up-to-date: /home/claudio/GymEnvs/prisma_walker_ros2/install/monopod/share/monopod/meshes/obj2/albero_1.obj
[0.065s] -- Up-to-date: /home/claudio/GymEnvs/prisma_walker_ros2/install/monopod/share/monopod/meshes/obj2/base_link.obj
[0.065s] -- Up-to-date: /home/claudio/GymEnvs/prisma_walker_ros2/install/monopod/share/monopod/meshes/obj2/conn_lungo.obj
[0.065s] -- Up-to-date: /home/claudio/GymEnvs/prisma_walker_ros2/install/monopod/share/monopod/meshes/obj2/conn_anca_top.obj
[0.065s] -- Up-to-date: /home/claudio/GymEnvs/prisma_walker_ros2/install/monopod/share/monopod/meshes/obj2/piede_sx.obj
[0.066s] -- Up-to-date: /home/claudio/GymEnvs/prisma_walker_ros2/install/monopod/share/monopod/meshes/obj2/motore_2.obj
[0.066s] -- Up-to-date: /home/claudio/GymEnvs/prisma_walker_ros2/install/monopod/share/monopod/meshes/obj2/flangia_albero_3.obj
[0.066s] -- Up-to-date: /home/claudio/GymEnvs/prisma_walker_ros2/install/monopod/share/monopod/meshes/obj2/gamba_sx.obj
[0.066s] -- Up-to-date: /home/claudio/GymEnvs/prisma_walker_ros2/install/monopod/share/monopod/meshes/obj2/albero_2.obj
[0.066s] -- Up-to-date: /home/claudio/GymEnvs/prisma_walker_ros2/install/monopod/share/monopod/meshes/obj2/conn_link_1.obj
[0.066s] -- Up-to-date: /home/claudio/GymEnvs/prisma_walker_ros2/install/monopod/share/monopod/urdf
[0.066s] -- Installing: /home/claudio/GymEnvs/prisma_walker_ros2/install/monopod/share/monopod/urdf/prisma_walker.urdf
[0.066s] -- Up-to-date: /home/claudio/GymEnvs/prisma_walker_ros2/install/monopod/share/monopod/urdf/prisma_walker.urdf.xacro
[0.066s] -- Up-to-date: /home/claudio/GymEnvs/prisma_walker_ros2/install/monopod/share/monopod/config
[0.066s] -- Up-to-date: /home/claudio/GymEnvs/prisma_walker_ros2/install/monopod/share/monopod/config/rviz.rviz
[0.066s] -- Up-to-date: /home/claudio/GymEnvs/prisma_walker_ros2/install/monopod/share/ament_index/resource_index/package_run_dependencies/monopod
[0.066s] -- Up-to-date: /home/claudio/GymEnvs/prisma_walker_ros2/install/monopod/share/ament_index/resource_index/parent_prefix_path/monopod
[0.066s] -- Up-to-date: /home/claudio/GymEnvs/prisma_walker_ros2/install/monopod/share/monopod/environment/ament_prefix_path.sh
[0.066s] -- Up-to-date: /home/claudio/GymEnvs/prisma_walker_ros2/install/monopod/share/monopod/environment/ament_prefix_path.dsv
[0.066s] -- Up-to-date: /home/claudio/GymEnvs/prisma_walker_ros2/install/monopod/share/monopod/environment/path.sh
[0.066s] -- Up-to-date: /home/claudio/GymEnvs/prisma_walker_ros2/install/monopod/share/monopod/environment/path.dsv
[0.066s] -- Up-to-date: /home/claudio/GymEnvs/prisma_walker_ros2/install/monopod/share/monopod/local_setup.bash
[0.066s] -- Up-to-date: /home/claudio/GymEnvs/prisma_walker_ros2/install/monopod/share/monopod/local_setup.sh
[0.066s] -- Up-to-date: /home/claudio/GymEnvs/prisma_walker_ros2/install/monopod/share/monopod/local_setup.zsh
[0.066s] -- Up-to-date: /home/claudio/GymEnvs/prisma_walker_ros2/install/monopod/share/monopod/local_setup.dsv
[0.066s] -- Installing: /home/claudio/GymEnvs/prisma_walker_ros2/install/monopod/share/monopod/package.dsv
[0.066s] -- Up-to-date: /home/claudio/GymEnvs/prisma_walker_ros2/install/monopod/share/ament_index/resource_index/packages/monopod
[0.066s] -- Up-to-date: /home/claudio/GymEnvs/prisma_walker_ros2/install/monopod/share/monopod/cmake/monopodConfig.cmake
[0.066s] -- Up-to-date: /home/claudio/GymEnvs/prisma_walker_ros2/install/monopod/share/monopod/cmake/monopodConfig-version.cmake
[0.066s] -- Up-to-date: /home/claudio/GymEnvs/prisma_walker_ros2/install/monopod/share/monopod/package.xml
[0.067s] Invoked command in '/home/claudio/GymEnvs/prisma_walker_ros2/build/monopod' returned '0': CMAKE_PREFIX_PATH=${CMAKE_PREFIX_PATH}:/opt/ros/humble CONDA_PROMPT_MODIFIER=(isaaclab) /usr/bin/cmake --install /home/claudio/GymEnvs/prisma_walker_ros2/build/monopod
